--- Startup times for process: Primary (or UI client) ---

times in msec
 clock   self+sourced   self:  sourced script
 clock   elapsed:              other lines

000.000  000.000: --- NVIM STARTING ---
000.138  000.137: event init
000.366  000.228: early init
000.918  000.552: locale set
000.965  000.046: init first window
001.527  000.563: inits 1
001.537  000.009: window checked
001.802  000.265: parsing arguments
002.400  000.044  000.044: require('vim._core.shared')
002.474  000.006  000.006: require('string.buffer')
002.497  000.044  000.038: require('vim.inspect')
002.543  000.038  000.038: require('vim._core.options')
002.545  000.142  000.060: require('vim._core.editor')
002.586  000.040  000.040: require('vim._core.system')
002.588  000.262  000.035: require('vim._init_packages')
002.590  000.526: init lua interpreter
006.149  003.560: nvim_ui_attach
006.496  000.347: nvim_set_client_info
006.498  000.002: --- NVIM STARTED ---

--- Startup times for process: Embedded ---

times in msec
 clock   self+sourced   self:  sourced script
 clock   elapsed:              other lines

000.000  000.000: --- NVIM STARTING ---
000.076  000.075: event init
000.215  000.139: early init
000.555  000.340: locale set
000.584  000.029: init first window
000.947  000.363: inits 1
000.957  000.010: window checked
001.132  000.175: parsing arguments
001.589  000.037  000.037: require('vim._core.shared')
001.651  000.005  000.005: require('string.buffer')
001.671  000.038  000.033: require('vim.inspect')
001.711  000.033  000.033: require('vim._core.options')
001.713  000.121  000.051: require('vim._core.editor')
001.736  000.023  000.023: require('vim._core.system')
001.738  000.210  000.029: require('vim._init_packages')
001.739  000.398: init lua interpreter
003.470  001.730: expanding arguments
003.482  000.012: inits 2
003.697  000.215: init highlight
003.698  000.001: waiting for UI
003.805  000.107: done waiting for UI
003.819  000.013: clear screen
003.929  000.008  000.008: require('vim.keymap')
004.745  000.105  000.105: sourcing nvim_exec2()
004.771  000.005  000.005: require('vim._core.log')
005.543  001.721  001.603: require('vim._core.defaults')
005.545  000.005: init default mappings & autocommands
006.122  000.040  000.040: sourcing /opt/homebrew/Cellar/neovim/0.12.0/share/nvim/runtime/ftplugin.vim
006.208  000.023  000.023: sourcing /opt/homebrew/Cellar/neovim/0.12.0/share/nvim/runtime/indent.vim
007.129  000.048  000.048: sourcing /opt/homebrew/Cellar/neovim/0.12.0/share/nvim/runtime/pack/dist/opt/nvim.difftool/plugin/difftool.lua
007.651  000.029  000.029: sourcing /opt/homebrew/Cellar/neovim/0.12.0/share/nvim/runtime/pack/dist/opt/nvim.undotree/plugin/undotree.lua
007.710  000.022  000.022: require('vim._core.ui2')
008.044  000.327  000.327: require('vim._core.ui2.cmdline')
008.604  000.559  000.559: require('vim._core.ui2.messages')
009.504  000.132  000.132: require('vim._async')
009.782  000.277  000.277: require('vim.version')
009.830  001.200  000.791: require('vim.pack')
009.925  000.024  000.024: require('vim.fs')
009.985  000.004  000.004: require('vim.F')
011.700  000.787  000.787: require('oil')
011.798  000.097  000.097: require('oil.ringbuf')
012.062  000.262  000.262: require('oil.config')
013.610  001.236  001.236: require('vim.filetype')
014.364  000.140  000.140: require('oil.log')
014.379  000.459  000.319: require('oil.fs')
014.964  000.070  000.070: require('oil.constants')
014.975  000.595  000.524: require('oil.util')
016.664  000.880  000.880: require('vim.lsp.protocol')
016.689  001.068  000.188: require('vim.lsp.log')
017.768  001.077  001.077: require('vim.lsp.util')
018.192  000.199  000.199: require('vim.lsp.sync')
018.195  000.425  000.226: require('vim.lsp._changetracking')
018.669  000.154  000.154: require('vim.lsp._transport')
018.676  000.006  000.006: require('vim._core.stringbuffer')
018.699  000.503  000.343: require('vim.lsp.rpc')
018.738  003.754  000.681: require('vim.lsp')
020.857  001.356  001.356: require('vim.diagnostic')
021.267  014.951  004.194: sourcing /Users/briansilver/.config/nvim/init.lua
021.282  000.723: sourcing vimrc file(s)
021.593  000.019  000.019: sourcing /Applications/Ghostty.app/Contents/Resources/ghostty/../nvim/site/ftdetect/ghostty.vim
021.617  000.174  000.155: sourcing nvim_exec2() called at /opt/homebrew/Cellar/neovim/0.12.0/share/nvim/runtime/filetype.lua:0
021.619  000.251  000.077: sourcing /opt/homebrew/Cellar/neovim/0.12.0/share/nvim/runtime/filetype.lua
021.810  000.046  000.046: sourcing /opt/homebrew/Cellar/neovim/0.12.0/share/nvim/runtime/syntax/synload.vim
021.861  000.178  000.131: sourcing /opt/homebrew/Cellar/neovim/0.12.0/share/nvim/runtime/syntax/syntax.vim
023.893  000.124  000.124: require('vim.treesitter.language')
023.972  000.078  000.078: require('vim.func')
024.101  000.128  000.128: require('vim.treesitter._range')
024.205  000.102  000.102: require('vim.func._memoize')
024.240  000.879  000.448: require('vim.treesitter.query')
024.251  001.375  000.496: require('vim.treesitter.languagetree')
024.255  001.699  000.324: require('vim.treesitter')
024.327  001.921  000.223: sourcing /Users/briansilver/.local/share/nvim/site/pack/core/opt/nvim-treesitter/plugin/filetypes.lua
024.424  000.057  000.057: sourcing /Users/briansilver/.local/share/nvim/site/pack/core/opt/nvim-treesitter/plugin/nvim-treesitter.lua
024.495  000.034  000.034: sourcing /Users/briansilver/.local/share/nvim/site/pack/core/opt/nvim-treesitter/plugin/query_predicates.lua
025.343  000.120  000.120: sourcing /opt/homebrew/Cellar/neovim/0.12.0/share/nvim/runtime/plugin/gzip.vim
025.978  000.104  000.104: sourcing /opt/homebrew/Cellar/neovim/0.12.0/share/nvim/runtime/pack/dist/opt/matchit/plugin/matchit.vim
026.011  000.627  000.523: sourcing /opt/homebrew/Cellar/neovim/0.12.0/share/nvim/runtime/plugin/matchit.vim
026.124  000.078  000.078: sourcing /opt/homebrew/Cellar/neovim/0.12.0/share/nvim/runtime/plugin/matchparen.vim
026.165  000.006  000.006: sourcing /opt/homebrew/Cellar/neovim/0.12.0/share/nvim/runtime/plugin/netrwPlugin.vim
026.278  000.079  000.079: sourcing /opt/homebrew/Cellar/neovim/0.12.0/share/nvim/runtime/plugin/rplugin.vim
026.359  000.048  000.048: sourcing /opt/homebrew/Cellar/neovim/0.12.0/share/nvim/runtime/plugin/tarPlugin.vim
026.402  000.010  000.010: sourcing /opt/homebrew/Cellar/neovim/0.12.0/share/nvim/runtime/plugin/tutor.vim
026.497  000.059  000.059: sourcing /opt/homebrew/Cellar/neovim/0.12.0/share/nvim/runtime/plugin/zipPlugin.vim
026.562  000.031  000.031: sourcing /opt/homebrew/Cellar/neovim/0.12.0/share/nvim/runtime/plugin/editorconfig.lua
026.637  000.042  000.042: sourcing /opt/homebrew/Cellar/neovim/0.12.0/share/nvim/runtime/plugin/man.lua
026.728  000.057  000.057: sourcing /opt/homebrew/Cellar/neovim/0.12.0/share/nvim/runtime/plugin/net.lua
026.823  000.059  000.059: sourcing /opt/homebrew/Cellar/neovim/0.12.0/share/nvim/runtime/plugin/osc52.lua
026.924  000.068  000.068: sourcing /opt/homebrew/Cellar/neovim/0.12.0/share/nvim/runtime/plugin/shada.lua
026.983  000.022  000.022: sourcing /opt/homebrew/Cellar/neovim/0.12.0/share/nvim/runtime/plugin/spellfile.lua
027.139  000.019  000.019: sourcing /opt/homebrew/Cellar/neovim/0.12.0/share/nvim/runtime/pack/dist/opt/nvim.undotree/plugin/undotree.lua
027.302  000.029  000.029: sourcing /opt/homebrew/Cellar/neovim/0.12.0/share/nvim/runtime/pack/dist/opt/nvim.difftool/plugin/difftool.lua
027.322  002.247: loading rtp plugins
027.465  000.143: loading packages
027.466  000.001: loading after plugins
027.472  000.006: inits 3
027.834  000.361: reading ShaDa
029.452  000.054  000.054: sourcing /opt/homebrew/Cellar/neovim/0.12.0/share/nvim/runtime/ftplugin/lua.vim
161.176  000.740  000.740: require('vim.treesitter.highlighter')
164.520  135.029  134.289: sourcing /opt/homebrew/Cellar/neovim/0.12.0/share/nvim/runtime/ftplugin/lua.lua
165.764  000.061  000.061: sourcing /opt/homebrew/Cellar/neovim/0.12.0/share/nvim/runtime/indent/lua.vim
167.181  001.361  001.361: require('vim.lsp.client')
167.739  000.096  000.096: require('nvim-treesitter')
168.155  000.185  000.185: require('nvim-treesitter.async')
168.260  000.103  000.103: require('nvim-treesitter.config')
168.339  000.078  000.078: require('nvim-treesitter.log')
168.830  000.491  000.491: require('nvim-treesitter.parsers')
168.884  000.053  000.053: require('nvim-treesitter.util')
168.888  001.148  000.237: require('nvim-treesitter.install')
169.465  000.575  000.575: require('nvim-treesitter.parsers')
169.696  000.151  000.151: require('editorconfig')
169.831  003.522: opening buffers
169.843  000.013: BufEnter autocommands
169.844  000.001: editing files in windows
169.874  000.030: VimEnter autocommands
169.885  000.011: UIEnter autocommands
170.084  000.132  000.132: sourcing /opt/homebrew/Cellar/neovim/0.12.0/share/nvim/runtime/autoload/provider/clipboard.vim
170.087  000.070: before starting main loop
171.063  000.121  000.121: require('vim.hl')
174.040  000.018  000.018: require('vim._core.util')
174.117  003.891: first screen update
174.118  000.002: --- NVIM STARTED ---

--- Startup times for process: Primary (or UI client) ---

times in msec
 clock   self+sourced   self:  sourced script
 clock   elapsed:              other lines

000.001  000.001: --- NVIM STARTING ---
000.206  000.205: event init
000.546  000.340: early init
001.359  000.813: locale set
001.430  000.070: init first window
002.155  000.726: inits 1
002.174  000.019: window checked
002.638  000.464: parsing arguments
003.412  000.053  000.053: require('vim._core.shared')
003.503  000.007  000.007: require('string.buffer')
003.531  000.053  000.046: require('vim.inspect')
003.586  000.045  000.045: require('vim._core.options')
003.588  000.172  000.074: require('vim._core.editor')
003.625  000.035  000.035: require('vim._core.system')
003.627  000.302  000.042: require('vim._init_packages')
003.629  000.689: init lua interpreter
007.034  003.405: nvim_ui_attach
007.319  000.286: nvim_set_client_info
007.321  000.002: --- NVIM STARTED ---

--- Startup times for process: Embedded ---

times in msec
 clock   self+sourced   self:  sourced script
 clock   elapsed:              other lines

000.000  000.000: --- NVIM STARTING ---
000.074  000.074: event init
000.214  000.140: early init
000.580  000.366: locale set
000.609  000.030: init first window
000.973  000.364: inits 1
000.983  000.010: window checked
001.160  000.176: parsing arguments
001.613  000.036  000.036: require('vim._core.shared')
001.689  000.019  000.019: require('string.buffer')
001.708  000.051  000.032: require('vim.inspect')
001.746  000.032  000.032: require('vim._core.options')
001.748  000.132  000.050: require('vim._core.editor')
001.771  000.022  000.022: require('vim._core.system')
001.772  000.219  000.028: require('vim._init_packages')
001.774  000.396: init lua interpreter
003.874  002.100: expanding arguments
003.885  000.011: inits 2
004.128  000.243: init highlight
004.129  000.001: waiting for UI
004.236  000.107: done waiting for UI
004.246  000.011: clear screen
004.370  000.010  000.010: require('vim.keymap')
005.227  000.122  000.122: sourcing nvim_exec2()
005.251  000.004  000.004: require('vim._core.log')
006.091  001.841  001.706: require('vim._core.defaults')
006.093  000.005: init default mappings & autocommands
006.713  000.042  000.042: sourcing /opt/homebrew/Cellar/neovim/0.12.0/share/nvim/runtime/ftplugin.vim
006.807  000.027  000.027: sourcing /opt/homebrew/Cellar/neovim/0.12.0/share/nvim/runtime/indent.vim
007.837  000.049  000.049: sourcing /opt/homebrew/Cellar/neovim/0.12.0/share/nvim/runtime/pack/dist/opt/nvim.difftool/plugin/difftool.lua
008.392  000.028  000.028: sourcing /opt/homebrew/Cellar/neovim/0.12.0/share/nvim/runtime/pack/dist/opt/nvim.undotree/plugin/undotree.lua
008.447  000.021  000.021: require('vim._core.ui2')
008.796  000.343  000.343: require('vim._core.ui2.cmdline')
009.415  000.618  000.618: require('vim._core.ui2.messages')
010.421  000.152  000.152: require('vim._async')
010.710  000.287  000.287: require('vim.version')
010.761  001.320  000.881: require('vim.pack')
010.792  000.025  000.025: require('vim.fs')
010.850  000.004  000.004: require('vim.F')
012.532  000.779  000.779: require('oil')
012.624  000.091  000.091: require('oil.ringbuf')
012.877  000.252  000.252: require('oil.config')
014.127  001.199  001.199: require('vim.filetype')
014.827  000.129  000.129: require('oil.log')
014.840  000.381  000.252: require('oil.fs')
015.458  000.075  000.075: require('oil.constants')
015.469  000.627  000.552: require('oil.util')
017.072  000.779  000.779: require('vim.lsp.protocol')
017.093  000.958  000.179: require('vim.lsp.log')
018.217  001.123  001.123: require('vim.lsp.util')
018.693  000.226  000.226: require('vim.lsp.sync')
018.696  000.477  000.251: require('vim.lsp._changetracking')
019.165  000.151  000.151: require('vim.lsp._transport')
019.170  000.005  000.005: require('vim._core.stringbuffer')
019.192  000.496  000.340: require('vim.lsp.rpc')
019.255  003.779  000.726: require('vim.lsp')
021.185  001.337  001.337: require('vim.diagnostic')
021.595  014.668  003.814: sourcing /Users/briansilver/.config/nvim/init.lua
021.600  000.771: sourcing vimrc file(s)
021.891  000.016  000.016: sourcing /Applications/Ghostty.app/Contents/Resources/ghostty/../nvim/site/ftdetect/ghostty.vim
021.910  000.159  000.144: sourcing nvim_exec2() called at /opt/homebrew/Cellar/neovim/0.12.0/share/nvim/runtime/filetype.lua:0
021.912  000.237  000.078: sourcing /opt/homebrew/Cellar/neovim/0.12.0/share/nvim/runtime/filetype.lua
022.093  000.046  000.046: sourcing /opt/homebrew/Cellar/neovim/0.12.0/share/nvim/runtime/syntax/synload.vim
022.146  000.172  000.126: sourcing /opt/homebrew/Cellar/neovim/0.12.0/share/nvim/runtime/syntax/syntax.vim
024.093  000.128  000.128: require('vim.treesitter.language')
024.169  000.075  000.075: require('vim.func')
024.306  000.136  000.136: require('vim.treesitter._range')
024.409  000.100  000.100: require('vim.func._memoize')
024.422  000.879  000.440: require('vim.treesitter.query')
024.464  001.421  000.541: require('vim.treesitter.languagetree')
024.468  001.671  000.251: require('vim.treesitter')
024.571  001.886  000.215: sourcing /Users/briansilver/.local/share/nvim/site/pack/core/opt/nvim-treesitter/plugin/filetypes.lua
024.670  000.057  000.057: sourcing /Users/briansilver/.local/share/nvim/site/pack/core/opt/nvim-treesitter/plugin/nvim-treesitter.lua
024.744  000.034  000.034: sourcing /Users/briansilver/.local/share/nvim/site/pack/core/opt/nvim-treesitter/plugin/query_predicates.lua
025.590  000.104  000.104: sourcing /opt/homebrew/Cellar/neovim/0.12.0/share/nvim/runtime/plugin/gzip.vim
026.191  000.100  000.100: sourcing /opt/homebrew/Cellar/neovim/0.12.0/share/nvim/runtime/pack/dist/opt/matchit/plugin/matchit.vim
026.227  000.599  000.499: sourcing /opt/homebrew/Cellar/neovim/0.12.0/share/nvim/runtime/plugin/matchit.vim
026.349  000.086  000.086: sourcing /opt/homebrew/Cellar/neovim/0.12.0/share/nvim/runtime/plugin/matchparen.vim
026.394  000.006  000.006: sourcing /opt/homebrew/Cellar/neovim/0.12.0/share/nvim/runtime/plugin/netrwPlugin.vim
026.516  000.084  000.084: sourcing /opt/homebrew/Cellar/neovim/0.12.0/share/nvim/runtime/plugin/rplugin.vim
026.602  000.049  000.049: sourcing /opt/homebrew/Cellar/neovim/0.12.0/share/nvim/runtime/plugin/tarPlugin.vim
026.647  000.010  000.010: sourcing /opt/homebrew/Cellar/neovim/0.12.0/share/nvim/runtime/plugin/tutor.vim
026.750  000.067  000.067: sourcing /opt/homebrew/Cellar/neovim/0.12.0/share/nvim/runtime/plugin/zipPlugin.vim
026.814  000.027  000.027: sourcing /opt/homebrew/Cellar/neovim/0.12.0/share/nvim/runtime/plugin/editorconfig.lua
026.890  000.041  000.041: sourcing /opt/homebrew/Cellar/neovim/0.12.0/share/nvim/runtime/plugin/man.lua
026.983  000.056  000.056: sourcing /opt/homebrew/Cellar/neovim/0.12.0/share/nvim/runtime/plugin/net.lua
027.080  000.057  000.057: sourcing /opt/homebrew/Cellar/neovim/0.12.0/share/nvim/runtime/plugin/osc52.lua
027.181  000.065  000.065: sourcing /opt/homebrew/Cellar/neovim/0.12.0/share/nvim/runtime/plugin/shada.lua
027.243  000.023  000.023: sourcing /opt/homebrew/Cellar/neovim/0.12.0/share/nvim/runtime/plugin/spellfile.lua
027.399  000.019  000.019: sourcing /opt/homebrew/Cellar/neovim/0.12.0/share/nvim/runtime/pack/dist/opt/nvim.undotree/plugin/undotree.lua
027.562  000.029  000.029: sourcing /opt/homebrew/Cellar/neovim/0.12.0/share/nvim/runtime/pack/dist/opt/nvim.difftool/plugin/difftool.lua
027.582  002.275: loading rtp plugins
027.736  000.154: loading packages
027.737  000.001: loading after plugins
027.744  000.006: inits 3
028.125  000.381: reading ShaDa
029.294  000.052  000.052: sourcing /opt/homebrew/Cellar/neovim/0.12.0/share/nvim/runtime/ftplugin/lua.vim
032.185  000.303  000.303: require('vim.treesitter.highlighter')
033.582  004.251  003.948: sourcing /opt/homebrew/Cellar/neovim/0.12.0/share/nvim/runtime/ftplugin/lua.lua
034.132  000.027  000.027: sourcing /opt/homebrew/Cellar/neovim/0.12.0/share/nvim/runtime/indent/lua.vim
034.762  000.588  000.588: require('vim.lsp.client')
035.328  000.127  000.127: require('nvim-treesitter')
035.848  000.232  000.232: require('nvim-treesitter.async')
035.976  000.127  000.127: require('nvim-treesitter.config')
036.085  000.108  000.108: require('nvim-treesitter.log')
036.734  000.648  000.648: require('nvim-treesitter.parsers')
036.816  000.082  000.082: require('nvim-treesitter.util')
036.822  001.493  000.296: require('nvim-treesitter.install')
037.482  000.658  000.658: require('nvim-treesitter.parsers')
037.783  000.192  000.192: require('editorconfig')
037.945  002.434: opening buffers
037.960  000.016: BufEnter autocommands
037.962  000.001: editing files in windows
037.994  000.033: VimEnter autocommands
038.004  000.009: UIEnter autocommands
038.227  000.147  000.147: sourcing /opt/homebrew/Cellar/neovim/0.12.0/share/nvim/runtime/autoload/provider/clipboard.vim
038.231  000.080: before starting main loop
039.426  000.138  000.138: require('vim.hl')
041.189  000.011  000.011: require('vim._core.util')
041.233  002.854: first screen update
041.234  000.001: --- NVIM STARTED ---

